d:\qt_project\voice_chat\freeswitch_linephone\linphone_voice_chat\voicechat\voicechat\release\voicechat.pch
d:\qt_project\voice_chat\freeswitch_linephone\linphone_voice_chat\voicechat\voicechat\release\vc140.pdb
d:\qt_project\voice_chat\freeswitch_linephone\linphone_voice_chat\voicechat\voicechat\release\stdafx.obj
d:\qt_project\voice_chat\freeswitch_linephone\linphone_voice_chat\voicechat\voicechat\release\logrecord.obj
d:\qt_project\voice_chat\freeswitch_linephone\linphone_voice_chat\voicechat\voicechat\release\voicechatdlg.obj
d:\qt_project\voice_chat\freeswitch_linephone\linphone_voice_chat\voicechat\voicechat\release\voicechat.obj
d:\qt_project\voice_chat\freeswitch_linephone\linphone_voice_chat\voicechat\voicechat\release\mydatabase.obj
d:\qt_project\voice_chat\freeswitch_linephone\linphone_voice_chat\voicechat\release\voicechat.exe
d:\qt_project\voice_chat\freeswitch_linephone\linphone_voice_chat\voicechat\release\voicechat.ipdb
d:\qt_project\voice_chat\freeswitch_linephone\linphone_voice_chat\voicechat\release\voicechat.iobj
d:\qt_project\voice_chat\freeswitch_linephone\linphone_voice_chat\voicechat\release\voicechat.pdb
d:\qt_project\voice_chat\freeswitch_linephone\linphone_voice_chat\voicechat\voicechat\release\voicechat.res
d:\qt_project\voice_chat\freeswitch_linephone\linphone_voice_chat\voicechat\voicechat\release\voicechat.tlog\cl.command.1.tlog
d:\qt_project\voice_chat\freeswitch_linephone\linphone_voice_chat\voicechat\voicechat\release\voicechat.tlog\cl.read.1.tlog
d:\qt_project\voice_chat\freeswitch_linephone\linphone_voice_chat\voicechat\voicechat\release\voicechat.tlog\cl.write.1.tlog
d:\qt_project\voice_chat\freeswitch_linephone\linphone_voice_chat\voicechat\voicechat\release\voicechat.tlog\link.command.1.tlog
d:\qt_project\voice_chat\freeswitch_linephone\linphone_voice_chat\voicechat\voicechat\release\voicechat.tlog\link.read.1.tlog
d:\qt_project\voice_chat\freeswitch_linephone\linphone_voice_chat\voicechat\voicechat\release\voicechat.tlog\link.write.1.tlog
d:\qt_project\voice_chat\freeswitch_linephone\linphone_voice_chat\voicechat\voicechat\release\voicechat.tlog\rc.command.1.tlog
d:\qt_project\voice_chat\freeswitch_linephone\linphone_voice_chat\voicechat\voicechat\release\voicechat.tlog\rc.read.1.tlog
d:\qt_project\voice_chat\freeswitch_linephone\linphone_voice_chat\voicechat\voicechat\release\voicechat.tlog\rc.write.1.tlog
